<?xml version="1.0" encoding="UTF-8"?>
<!-- Generated by org.testng.reporters.JUnitReportReporter -->
<testsuite hostname="p-PC" failures="0" tests="1" name="com.inetbanking.Testcases.Tc_logintest_001" time="4.205" errors="0" timestamp="2024-02-02T17:13:02 IST" skipped="0">
  <testcase classname="com.inetbanking.Testcases.Tc_logintest_001" name="Logintest" time="4.205"/>
</testsuite> <!-- com.inetbanking.Testcases.Tc_logintest_001 -->
