<?xml version="1.0" encoding="UTF-8"?>
<!-- Generated by org.testng.reporters.JUnitReportReporter -->
<testsuite hostname="p-PC" failures="0" tests="1" name="com.inetbanking.Testcases.TC_addNewCustomer_003" time="26.691" errors="0" timestamp="2024-02-07T13:32:20 IST" skipped="0">
  <testcase classname="com.inetbanking.Testcases.TC_addNewCustomer_003" name="Logintest" time="26.691"/>
</testsuite> <!-- com.inetbanking.Testcases.TC_addNewCustomer_003 -->
